TN:
SF:src\controllers\ProductController.ts
FN:8,(anonymous_0)
FN:12,(anonymous_1)
FN:28,(anonymous_2)
FN:44,(anonymous_3)
FN:65,(anonymous_4)
FN:82,(anonymous_5)
FN:103,(anonymous_6)
FN:120,(anonymous_7)
FN:137,(anonymous_8)
FNF:9
FNH:7
FNDA:1,(anonymous_0)
FNDA:6,(anonymous_1)
FNDA:1,(anonymous_2)
FNDA:2,(anonymous_3)
FNDA:0,(anonymous_4)
FNDA:0,(anonymous_5)
FNDA:2,(anonymous_6)
FNDA:3,(anonymous_7)
FNDA:1,(anonymous_8)
DA:5,1
DA:9,1
DA:12,1
DA:13,6
DA:14,6
DA:15,5
DA:21,1
DA:28,1
DA:29,1
DA:30,1
DA:31,1
DA:37,0
DA:44,1
DA:45,2
DA:46,2
DA:47,2
DA:48,1
DA:53,1
DA:58,0
DA:65,1
DA:66,0
DA:67,0
DA:68,0
DA:74,0
DA:75,0
DA:82,1
DA:83,0
DA:84,0
DA:85,0
DA:86,0
DA:91,0
DA:96,0
DA:103,1
DA:104,2
DA:105,2
DA:106,1
DA:112,1
DA:113,1
DA:120,1
DA:121,3
DA:122,3
DA:123,1
DA:129,2
DA:130,2
DA:137,1
DA:138,1
DA:139,1
DA:140,1
DA:147,0
LF:49
LH:35
BRDA:23,0,0,1
BRDA:23,0,1,0
BRDA:39,1,0,0
BRDA:39,1,1,0
BRDA:47,2,0,1
BRDA:60,3,0,0
BRDA:60,3,1,0
BRDA:74,4,0,0
BRDA:74,4,1,0
BRDA:74,5,0,0
BRDA:74,5,1,0
BRDA:77,6,0,0
BRDA:77,6,1,0
BRDA:85,7,0,0
BRDA:98,8,0,0
BRDA:98,8,1,0
BRDA:112,9,0,0
BRDA:112,9,1,1
BRDA:112,10,0,1
BRDA:112,10,1,1
BRDA:115,11,0,1
BRDA:115,11,1,0
BRDA:129,12,0,0
BRDA:129,12,1,2
BRDA:129,13,0,2
BRDA:129,13,1,2
BRDA:132,14,0,2
BRDA:132,14,1,0
BRDA:144,15,0,1
BRDA:144,15,1,0
BRDA:149,16,0,0
BRDA:149,16,1,0
BRF:32
BRH:11
end_of_record
TN:
SF:src\middleware\errorHandler.ts
FN:3,(anonymous_0)
FN:18,(anonymous_1)
FNF:2
FNH:1
FNDA:0,(anonymous_0)
FNDA:1,(anonymous_1)
DA:3,1
DA:9,0
DA:11,0
DA:18,1
DA:19,1
LF:5
LH:3
BRDA:14,0,0,0
BRDA:14,0,1,0
BRF:2
BRH:0
end_of_record
TN:
SF:src\routes\productRoutes.ts
FNF:0
FNH:0
DA:1,1
DA:2,1
DA:3,1
DA:5,1
DA:6,1
DA:7,1
DA:10,1
DA:11,1
DA:12,1
DA:13,1
DA:14,1
DA:17,1
DA:18,1
DA:21,1
DA:23,1
LF:15
LH:15
BRF:0
BRH:0
end_of_record
TN:
SF:src\services\ProductService.ts
FN:4,(anonymous_0)
FN:7,(anonymous_1)
FN:38,(anonymous_2)
FN:42,(anonymous_3)
FN:46,(anonymous_4)
FN:84,(anonymous_5)
FN:88,(anonymous_6)
FN:108,(anonymous_7)
FN:132,(anonymous_8)
FN:134,(anonymous_9)
FN:138,(anonymous_10)
FNF:11
FNH:10
FNDA:24,(anonymous_0)
FNDA:31,(anonymous_1)
FNDA:1,(anonymous_2)
FNDA:2,(anonymous_3)
FNDA:3,(anonymous_4)
FNDA:0,(anonymous_5)
FNDA:6,(anonymous_6)
FNDA:11,(anonymous_7)
FNDA:4,(anonymous_8)
FNDA:10,(anonymous_9)
FNDA:23,(anonymous_10)
DA:1,2
DA:4,2
DA:5,24
DA:8,31
DA:9,2
DA:12,29
DA:13,1
DA:16,28
DA:17,1
DA:20,27
DA:21,1
DA:24,26
DA:34,26
DA:35,26
DA:39,1
DA:43,2
DA:47,3
DA:48,3
DA:49,1
DA:53,2
DA:54,1
DA:58,1
DA:59,0
DA:63,1
DA:64,0
DA:67,1
DA:68,0
DA:71,1
DA:80,1
DA:81,1
DA:85,0
DA:89,6
DA:90,3
DA:93,3
DA:94,3
DA:95,1
DA:98,2
DA:104,2
DA:105,2
DA:109,11
DA:110,3
DA:113,8
DA:114,8
DA:115,1
DA:118,7
DA:119,3
DA:122,4
DA:128,4
DA:129,4
DA:133,4
DA:134,10
DA:139,23
LF:52
LH:48
BRDA:8,0,0,2
BRDA:12,1,0,1
BRDA:16,2,0,1
BRDA:20,3,0,1
BRDA:20,4,0,27
BRDA:20,4,1,13
BRDA:29,5,0,26
BRDA:29,5,1,14
BRDA:43,6,0,2
BRDA:43,6,1,1
BRDA:48,7,0,1
BRDA:53,8,0,1
BRDA:53,9,0,2
BRDA:53,9,1,2
BRDA:58,10,0,0
BRDA:58,11,0,1
BRDA:58,11,1,0
BRDA:63,12,0,0
BRDA:63,13,0,1
BRDA:63,13,1,1
BRDA:67,14,0,0
BRDA:67,15,0,1
BRDA:67,15,1,0
BRDA:73,16,0,1
BRDA:73,16,1,0
BRDA:74,17,0,1
BRDA:74,17,1,1
BRDA:75,18,0,1
BRDA:75,18,1,0
BRDA:76,19,0,1
BRDA:76,19,1,1
BRDA:89,20,0,3
BRDA:94,21,0,1
BRDA:109,22,0,3
BRDA:114,23,0,1
BRDA:118,24,0,3
BRF:36
BRH:29
end_of_record
